<?xml version="1.0" encoding="UTF-8"?>
<testng-results ignored="0" total="5" passed="0" failed="1" skipped="4">
  <reporter-output>
  </reporter-output>
  <suite started-at="2023-02-26T23:23:21 IST" name="Default suite" finished-at="2023-02-26T23:23:21 IST" duration-ms="27">
    <groups>
      <group name="Sanity">
        <method signature="Demo.Test1()[pri:0, instance:testNgDemo.Demo@27c86f2d]" name="Test1" class="testNgDemo.Demo"/>
      </group> <!-- Sanity -->
    </groups>
    <test started-at="2023-02-26T23:23:21 IST" name="Default test" finished-at="2023-02-26T23:23:21 IST" duration-ms="27">
      <class name="testNgDemo.Demo">
        <test-method is-config="true" signature="test1()[pri:0, instance:testNgDemo.Demo@27c86f2d]" started-at="2023-02-26T23:23:21 IST" name="test1" finished-at="2023-02-26T23:23:21 IST" duration-ms="3" status="PASS">
          <reporter-output>
          </reporter-output>
        </test-method> <!-- test1 -->
        <test-method is-config="true" signature="test2()[pri:0, instance:testNgDemo.Demo@27c86f2d]" started-at="2023-02-26T23:23:21 IST" name="test2" finished-at="2023-02-26T23:23:21 IST" duration-ms="0" status="PASS">
          <reporter-output>
          </reporter-output>
        </test-method> <!-- test2 -->
        <test-method is-config="true" signature="test3(java.lang.String)[pri:0, instance:testNgDemo.Demo@27c86f2d]" started-at="2023-02-26T23:23:21 IST" name="test3" finished-at="1970-01-01T05:30:00 IST" duration-ms="-1677434001935" status="FAIL">
          <exception class="org.testng.TestNGException">
            <message>
              <![CDATA[
Parameter 'CandidateName' is required by BeforeClass on method test3 but has not been marked @Optional or defined
in /private/var/folders/5p/y5nncw192dgc7621sdn1nlz00000gn/T/testng-eclipse--838678616/testng-customsuite.xml]]>
            </message>
            <full-stacktrace>
              <![CDATA[org.testng.TestNGException: 
Parameter 'CandidateName' is required by BeforeClass on method test3 but has not been marked @Optional or defined
in /private/var/folders/5p/y5nncw192dgc7621sdn1nlz00000gn/T/testng-eclipse--838678616/testng-customsuite.xml
at org.testng.internal.Parameters.createParams(Parameters.java:270)
at org.testng.internal.Parameters.createParametersForMethod(Parameters.java:358)
at org.testng.internal.Parameters.createParameters(Parameters.java:700)
at org.testng.internal.Parameters.createConfigurationParameters(Parameters.java:168)
at org.testng.internal.ConfigInvoker.invokeConfigurations(ConfigInvoker.java:302)
at org.testng.internal.TestMethodWorker.invokeBeforeClassMethods(TestMethodWorker.java:176)
at org.testng.internal.TestMethodWorker.run(TestMethodWorker.java:122)
at java.base/java.util.ArrayList.forEach(ArrayList.java:1511)
at org.testng.TestRunner.privateRun(TestRunner.java:794)
at org.testng.TestRunner.run(TestRunner.java:596)
at org.testng.SuiteRunner.runTest(SuiteRunner.java:377)
at org.testng.SuiteRunner.runSequentially(SuiteRunner.java:371)
at org.testng.SuiteRunner.privateRun(SuiteRunner.java:332)
at org.testng.SuiteRunner.run(SuiteRunner.java:276)
at org.testng.SuiteRunnerWorker.runSuite(SuiteRunnerWorker.java:53)
at org.testng.SuiteRunnerWorker.run(SuiteRunnerWorker.java:96)
at org.testng.TestNG.runSuitesSequentially(TestNG.java:1212)
at org.testng.TestNG.runSuitesLocally(TestNG.java:1134)
at org.testng.TestNG.runSuites(TestNG.java:1063)
at org.testng.TestNG.run(TestNG.java:1031)
at org.testng.remote.AbstractRemoteTestNG.run(AbstractRemoteTestNG.java:115)
at org.testng.remote.RemoteTestNG.initAndRun(RemoteTestNG.java:251)
at org.testng.remote.RemoteTestNG.main(RemoteTestNG.java:77)
]]>
            </full-stacktrace>
          </exception> <!-- org.testng.TestNGException -->
          <reporter-output>
          </reporter-output>
        </test-method> <!-- test3 -->
        <test-method is-config="true" signature="test4()[pri:0, instance:testNgDemo.Demo@27c86f2d]" started-at="2023-02-26T23:23:21 IST" name="test4" finished-at="1970-01-01T05:30:00 IST" duration-ms="-1677434001943" status="SKIP">
          <reporter-output>
          </reporter-output>
        </test-method> <!-- test4 -->
        <test-method signature="Test1()[pri:0, instance:testNgDemo.Demo@27c86f2d]" started-at="2023-02-26T23:23:21 IST" name="Test1" finished-at="2023-02-26T23:23:21 IST" duration-ms="0" status="SKIP">
          <exception class="org.testng.TestNGException">
            <message>
              <![CDATA[
Parameter 'CandidateName' is required by BeforeClass on method test3 but has not been marked @Optional or defined
in /private/var/folders/5p/y5nncw192dgc7621sdn1nlz00000gn/T/testng-eclipse--838678616/testng-customsuite.xml]]>
            </message>
            <full-stacktrace>
              <![CDATA[org.testng.TestNGException: 
Parameter 'CandidateName' is required by BeforeClass on method test3 but has not been marked @Optional or defined
in /private/var/folders/5p/y5nncw192dgc7621sdn1nlz00000gn/T/testng-eclipse--838678616/testng-customsuite.xml
at org.testng.internal.Parameters.createParams(Parameters.java:270)
at org.testng.internal.Parameters.createParametersForMethod(Parameters.java:358)
at org.testng.internal.Parameters.createParameters(Parameters.java:700)
at org.testng.internal.Parameters.createConfigurationParameters(Parameters.java:168)
at org.testng.internal.ConfigInvoker.invokeConfigurations(ConfigInvoker.java:302)
at org.testng.internal.TestMethodWorker.invokeBeforeClassMethods(TestMethodWorker.java:176)
at org.testng.internal.TestMethodWorker.run(TestMethodWorker.java:122)
at java.base/java.util.ArrayList.forEach(ArrayList.java:1511)
at org.testng.TestRunner.privateRun(TestRunner.java:794)
at org.testng.TestRunner.run(TestRunner.java:596)
at org.testng.SuiteRunner.runTest(SuiteRunner.java:377)
at org.testng.SuiteRunner.runSequentially(SuiteRunner.java:371)
at org.testng.SuiteRunner.privateRun(SuiteRunner.java:332)
at org.testng.SuiteRunner.run(SuiteRunner.java:276)
at org.testng.SuiteRunnerWorker.runSuite(SuiteRunnerWorker.java:53)
at org.testng.SuiteRunnerWorker.run(SuiteRunnerWorker.java:96)
at org.testng.TestNG.runSuitesSequentially(TestNG.java:1212)
at org.testng.TestNG.runSuitesLocally(TestNG.java:1134)
at org.testng.TestNG.runSuites(TestNG.java:1063)
at org.testng.TestNG.run(TestNG.java:1031)
at org.testng.remote.AbstractRemoteTestNG.run(AbstractRemoteTestNG.java:115)
at org.testng.remote.RemoteTestNG.initAndRun(RemoteTestNG.java:251)
at org.testng.remote.RemoteTestNG.main(RemoteTestNG.java:77)
]]>
            </full-stacktrace>
          </exception> <!-- org.testng.TestNGException -->
          <reporter-output>
          </reporter-output>
        </test-method> <!-- Test1 -->
        <test-method is-config="true" signature="test8()[pri:0, instance:testNgDemo.Demo@27c86f2d]" started-at="2023-02-26T23:23:21 IST" name="test8" finished-at="1970-01-01T05:30:00 IST" duration-ms="-1677434001945" status="SKIP">
          <reporter-output>
          </reporter-output>
        </test-method> <!-- test8 -->
        <test-method signature="Test2()[pri:0, instance:testNgDemo.Demo@27c86f2d]" started-at="2023-02-26T23:23:21 IST" name="Test2" finished-at="2023-02-26T23:23:21 IST" duration-ms="0" status="SKIP">
          <exception class="org.testng.TestNGException">
            <message>
              <![CDATA[
Parameter 'CandidateName' is required by BeforeClass on method test3 but has not been marked @Optional or defined
in /private/var/folders/5p/y5nncw192dgc7621sdn1nlz00000gn/T/testng-eclipse--838678616/testng-customsuite.xml]]>
            </message>
            <full-stacktrace>
              <![CDATA[org.testng.TestNGException: 
Parameter 'CandidateName' is required by BeforeClass on method test3 but has not been marked @Optional or defined
in /private/var/folders/5p/y5nncw192dgc7621sdn1nlz00000gn/T/testng-eclipse--838678616/testng-customsuite.xml
at org.testng.internal.Parameters.createParams(Parameters.java:270)
at org.testng.internal.Parameters.createParametersForMethod(Parameters.java:358)
at org.testng.internal.Parameters.createParameters(Parameters.java:700)
at org.testng.internal.Parameters.createConfigurationParameters(Parameters.java:168)
at org.testng.internal.ConfigInvoker.invokeConfigurations(ConfigInvoker.java:302)
at org.testng.internal.TestMethodWorker.invokeBeforeClassMethods(TestMethodWorker.java:176)
at org.testng.internal.TestMethodWorker.run(TestMethodWorker.java:122)
at java.base/java.util.ArrayList.forEach(ArrayList.java:1511)
at org.testng.TestRunner.privateRun(TestRunner.java:794)
at org.testng.TestRunner.run(TestRunner.java:596)
at org.testng.SuiteRunner.runTest(SuiteRunner.java:377)
at org.testng.SuiteRunner.runSequentially(SuiteRunner.java:371)
at org.testng.SuiteRunner.privateRun(SuiteRunner.java:332)
at org.testng.SuiteRunner.run(SuiteRunner.java:276)
at org.testng.SuiteRunnerWorker.runSuite(SuiteRunnerWorker.java:53)
at org.testng.SuiteRunnerWorker.run(SuiteRunnerWorker.java:96)
at org.testng.TestNG.runSuitesSequentially(TestNG.java:1212)
at org.testng.TestNG.runSuitesLocally(TestNG.java:1134)
at org.testng.TestNG.runSuites(TestNG.java:1063)
at org.testng.TestNG.run(TestNG.java:1031)
at org.testng.remote.AbstractRemoteTestNG.run(AbstractRemoteTestNG.java:115)
at org.testng.remote.RemoteTestNG.initAndRun(RemoteTestNG.java:251)
at org.testng.remote.RemoteTestNG.main(RemoteTestNG.java:77)
]]>
            </full-stacktrace>
          </exception> <!-- org.testng.TestNGException -->
          <reporter-output>
          </reporter-output>
        </test-method> <!-- Test2 -->
        <test-method is-config="true" signature="test4()[pri:0, instance:testNgDemo.Demo@27c86f2d]" started-at="2023-02-26T23:23:21 IST" name="test4" finished-at="1970-01-01T05:30:00 IST" duration-ms="-1677434001946" status="SKIP">
          <reporter-output>
          </reporter-output>
        </test-method> <!-- test4 -->
        <test-method is-config="true" signature="test8()[pri:0, instance:testNgDemo.Demo@27c86f2d]" started-at="2023-02-26T23:23:21 IST" name="test8" finished-at="1970-01-01T05:30:00 IST" duration-ms="-1677434001948" status="SKIP">
          <reporter-output>
          </reporter-output>
        </test-method> <!-- test8 -->
        <test-method signature="Test3(java.lang.String,java.lang.String)[pri:0, instance:testNgDemo.Demo@27c86f2d]" started-at="2023-02-26T23:23:21 IST" name="Test3" data-provider="testData" finished-at="2023-02-26T23:23:21 IST" duration-ms="2" status="FAIL">
          <exception class="org.testng.internal.reflect.MethodMatcherException">
            <message>
              <![CDATA[
[public void testNgDemo.Demo.Test3(java.lang.String,java.lang.String)] has no parameters defined but was found to be using a data provider (either explicitly specified or inherited from class level annotation).
Data provider mismatch
Method: Test3([Parameter{index=0, type=java.lang.String, declaredAnnotations=[]}, Parameter{index=1, type=java.lang.String, declaredAnnotations=[]}])
Arguments: [(java.lang.String) Sur]]]>
            </message>
            <full-stacktrace>
              <![CDATA[org.testng.internal.reflect.MethodMatcherException: 
[public void testNgDemo.Demo.Test3(java.lang.String,java.lang.String)] has no parameters defined but was found to be using a data provider (either explicitly specified or inherited from class level annotation).
Data provider mismatch
Method: Test3([Parameter{index=0, type=java.lang.String, declaredAnnotations=[]}, Parameter{index=1, type=java.lang.String, declaredAnnotations=[]}])
Arguments: [(java.lang.String) Sur]
at org.testng.internal.reflect.DataProviderMethodMatcher.getConformingArguments(DataProviderMethodMatcher.java:43)
at org.testng.internal.Parameters.injectParameters(Parameters.java:914)
at org.testng.internal.MethodRunner.runInSequence(MethodRunner.java:34)
at org.testng.internal.TestInvoker$MethodInvocationAgent.invoke(TestInvoker.java:824)
at org.testng.internal.TestInvoker.invokeTestMethods(TestInvoker.java:146)
at org.testng.internal.TestMethodWorker.invokeTestMethods(TestMethodWorker.java:146)
at org.testng.internal.TestMethodWorker.run(TestMethodWorker.java:128)
at java.base/java.util.ArrayList.forEach(ArrayList.java:1511)
at org.testng.TestRunner.privateRun(TestRunner.java:794)
at org.testng.TestRunner.run(TestRunner.java:596)
at org.testng.SuiteRunner.runTest(SuiteRunner.java:377)
at org.testng.SuiteRunner.runSequentially(SuiteRunner.java:371)
at org.testng.SuiteRunner.privateRun(SuiteRunner.java:332)
at org.testng.SuiteRunner.run(SuiteRunner.java:276)
at org.testng.SuiteRunnerWorker.runSuite(SuiteRunnerWorker.java:53)
at org.testng.SuiteRunnerWorker.run(SuiteRunnerWorker.java:96)
at org.testng.TestNG.runSuitesSequentially(TestNG.java:1212)
at org.testng.TestNG.runSuitesLocally(TestNG.java:1134)
at org.testng.TestNG.runSuites(TestNG.java:1063)
at org.testng.TestNG.run(TestNG.java:1031)
at org.testng.remote.AbstractRemoteTestNG.run(AbstractRemoteTestNG.java:115)
at org.testng.remote.RemoteTestNG.initAndRun(RemoteTestNG.java:251)
at org.testng.remote.RemoteTestNG.main(RemoteTestNG.java:77)
]]>
            </full-stacktrace>
          </exception> <!-- org.testng.internal.reflect.MethodMatcherException -->
          <reporter-output>
          </reporter-output>
        </test-method> <!-- Test3 -->
        <test-method is-config="true" signature="test4()[pri:0, instance:testNgDemo.Demo@27c86f2d]" started-at="2023-02-26T23:23:21 IST" name="test4" finished-at="1970-01-01T05:30:00 IST" duration-ms="-1677434001950" status="SKIP">
          <reporter-output>
          </reporter-output>
        </test-method> <!-- test4 -->
        <test-method signature="Test5()[pri:0, instance:testNgDemo.Demo@27c86f2d]" started-at="2023-02-26T23:23:21 IST" name="Test5" finished-at="2023-02-26T23:23:21 IST" duration-ms="0" status="SKIP">
          <exception class="org.testng.TestNGException">
            <message>
              <![CDATA[
Parameter 'CandidateName' is required by BeforeClass on method test3 but has not been marked @Optional or defined
in /private/var/folders/5p/y5nncw192dgc7621sdn1nlz00000gn/T/testng-eclipse--838678616/testng-customsuite.xml]]>
            </message>
            <full-stacktrace>
              <![CDATA[org.testng.TestNGException: 
Parameter 'CandidateName' is required by BeforeClass on method test3 but has not been marked @Optional or defined
in /private/var/folders/5p/y5nncw192dgc7621sdn1nlz00000gn/T/testng-eclipse--838678616/testng-customsuite.xml
at org.testng.internal.Parameters.createParams(Parameters.java:270)
at org.testng.internal.Parameters.createParametersForMethod(Parameters.java:358)
at org.testng.internal.Parameters.createParameters(Parameters.java:700)
at org.testng.internal.Parameters.createConfigurationParameters(Parameters.java:168)
at org.testng.internal.ConfigInvoker.invokeConfigurations(ConfigInvoker.java:302)
at org.testng.internal.TestMethodWorker.invokeBeforeClassMethods(TestMethodWorker.java:176)
at org.testng.internal.TestMethodWorker.run(TestMethodWorker.java:122)
at java.base/java.util.ArrayList.forEach(ArrayList.java:1511)
at org.testng.TestRunner.privateRun(TestRunner.java:794)
at org.testng.TestRunner.run(TestRunner.java:596)
at org.testng.SuiteRunner.runTest(SuiteRunner.java:377)
at org.testng.SuiteRunner.runSequentially(SuiteRunner.java:371)
at org.testng.SuiteRunner.privateRun(SuiteRunner.java:332)
at org.testng.SuiteRunner.run(SuiteRunner.java:276)
at org.testng.SuiteRunnerWorker.runSuite(SuiteRunnerWorker.java:53)
at org.testng.SuiteRunnerWorker.run(SuiteRunnerWorker.java:96)
at org.testng.TestNG.runSuitesSequentially(TestNG.java:1212)
at org.testng.TestNG.runSuitesLocally(TestNG.java:1134)
at org.testng.TestNG.runSuites(TestNG.java:1063)
at org.testng.TestNG.run(TestNG.java:1031)
at org.testng.remote.AbstractRemoteTestNG.run(AbstractRemoteTestNG.java:115)
at org.testng.remote.RemoteTestNG.initAndRun(RemoteTestNG.java:251)
at org.testng.remote.RemoteTestNG.main(RemoteTestNG.java:77)
]]>
            </full-stacktrace>
          </exception> <!-- org.testng.TestNGException -->
          <reporter-output>
          </reporter-output>
        </test-method> <!-- Test5 -->
        <test-method is-config="true" signature="test8()[pri:0, instance:testNgDemo.Demo@27c86f2d]" started-at="2023-02-26T23:23:21 IST" name="test8" finished-at="1970-01-01T05:30:00 IST" duration-ms="-1677434001952" status="SKIP">
          <reporter-output>
          </reporter-output>
        </test-method> <!-- test8 -->
        <test-method is-config="true" signature="test4()[pri:0, instance:testNgDemo.Demo@27c86f2d]" started-at="2023-02-26T23:23:21 IST" name="test4" finished-at="1970-01-01T05:30:00 IST" duration-ms="-1677434001952" status="SKIP">
          <reporter-output>
          </reporter-output>
        </test-method> <!-- test4 -->
        <test-method signature="Test6()[pri:0, instance:testNgDemo.Demo@27c86f2d]" started-at="2023-02-26T23:23:21 IST" name="Test6" finished-at="2023-02-26T23:23:21 IST" duration-ms="0" status="SKIP">
          <exception class="org.testng.TestNGException">
            <message>
              <![CDATA[
Parameter 'CandidateName' is required by BeforeClass on method test3 but has not been marked @Optional or defined
in /private/var/folders/5p/y5nncw192dgc7621sdn1nlz00000gn/T/testng-eclipse--838678616/testng-customsuite.xml]]>
            </message>
            <full-stacktrace>
              <![CDATA[org.testng.TestNGException: 
Parameter 'CandidateName' is required by BeforeClass on method test3 but has not been marked @Optional or defined
in /private/var/folders/5p/y5nncw192dgc7621sdn1nlz00000gn/T/testng-eclipse--838678616/testng-customsuite.xml
at org.testng.internal.Parameters.createParams(Parameters.java:270)
at org.testng.internal.Parameters.createParametersForMethod(Parameters.java:358)
at org.testng.internal.Parameters.createParameters(Parameters.java:700)
at org.testng.internal.Parameters.createConfigurationParameters(Parameters.java:168)
at org.testng.internal.ConfigInvoker.invokeConfigurations(ConfigInvoker.java:302)
at org.testng.internal.TestMethodWorker.invokeBeforeClassMethods(TestMethodWorker.java:176)
at org.testng.internal.TestMethodWorker.run(TestMethodWorker.java:122)
at java.base/java.util.ArrayList.forEach(ArrayList.java:1511)
at org.testng.TestRunner.privateRun(TestRunner.java:794)
at org.testng.TestRunner.run(TestRunner.java:596)
at org.testng.SuiteRunner.runTest(SuiteRunner.java:377)
at org.testng.SuiteRunner.runSequentially(SuiteRunner.java:371)
at org.testng.SuiteRunner.privateRun(SuiteRunner.java:332)
at org.testng.SuiteRunner.run(SuiteRunner.java:276)
at org.testng.SuiteRunnerWorker.runSuite(SuiteRunnerWorker.java:53)
at org.testng.SuiteRunnerWorker.run(SuiteRunnerWorker.java:96)
at org.testng.TestNG.runSuitesSequentially(TestNG.java:1212)
at org.testng.TestNG.runSuitesLocally(TestNG.java:1134)
at org.testng.TestNG.runSuites(TestNG.java:1063)
at org.testng.TestNG.run(TestNG.java:1031)
at org.testng.remote.AbstractRemoteTestNG.run(AbstractRemoteTestNG.java:115)
at org.testng.remote.RemoteTestNG.initAndRun(RemoteTestNG.java:251)
at org.testng.remote.RemoteTestNG.main(RemoteTestNG.java:77)
]]>
            </full-stacktrace>
          </exception> <!-- org.testng.TestNGException -->
          <reporter-output>
          </reporter-output>
        </test-method> <!-- Test6 -->
        <test-method is-config="true" signature="test8()[pri:0, instance:testNgDemo.Demo@27c86f2d]" started-at="2023-02-26T23:23:21 IST" name="test8" finished-at="1970-01-01T05:30:00 IST" duration-ms="-1677434001954" status="SKIP">
          <reporter-output>
          </reporter-output>
        </test-method> <!-- test8 -->
        <test-method is-config="true" signature="test7()[pri:0, instance:testNgDemo.Demo@27c86f2d]" started-at="2023-02-26T23:23:21 IST" name="test7" finished-at="1970-01-01T05:30:00 IST" duration-ms="-1677434001955" status="SKIP">
          <reporter-output>
          </reporter-output>
        </test-method> <!-- test7 -->
        <test-method is-config="true" signature="test6()[pri:0, instance:testNgDemo.Demo@27c86f2d]" started-at="2023-02-26T23:23:21 IST" name="test6" finished-at="1970-01-01T05:30:00 IST" duration-ms="-1677434001956" status="SKIP">
          <reporter-output>
          </reporter-output>
        </test-method> <!-- test6 -->
        <test-method is-config="true" signature="test5()[pri:0, instance:testNgDemo.Demo@27c86f2d]" started-at="2023-02-26T23:23:22 IST" name="test5" finished-at="1970-01-01T05:30:00 IST" duration-ms="-1677434002027" status="SKIP">
          <reporter-output>
          </reporter-output>
        </test-method> <!-- test5 -->
      </class> <!-- testNgDemo.Demo -->
    </test> <!-- Default test -->
  </suite> <!-- Default suite -->
</testng-results>
